INFO - 2025-05-05 05:44:44 --> Session: Class initialized using 'CodeIgniter\Session\Handlers\FileHandler' driver.
CRITICAL - 2025-05-05 05:44:45 --> CodeIgniter\HTTP\Exceptions\BadRequestException: The URI you submitted has disallowed characters: "{{ public"
in SYSTEMPATH\Router\Router.php on line 704.
 1 SYSTEMPATH\Router\Router.php(195): CodeIgniter\Router\Router->checkDisallowedChars('{{ public/images/login.php}}')
 2 SYSTEMPATH\CodeIgniter.php(825): CodeIgniter\Router\Router->handle('{{ public/images/login.php}}')
 3 SYSTEMPATH\CodeIgniter.php(450): CodeIgniter\CodeIgniter->tryToRouteIt(Object(CodeIgniter\Router\RouteCollection))
 4 SYSTEMPATH\CodeIgniter.php(361): CodeIgniter\CodeIgniter->handleRequest(null, Object(Config\Cache), false)
 5 FCPATH\index.php(79): CodeIgniter\CodeIgniter->run()
 6 SYSTEMPATH\Commands\Server\rewrite.php(47): require_once('C:\\xampp\\htdocs\\uas\\public\\index.php')
INFO - 2025-05-05 05:44:51 --> Session: Class initialized using 'CodeIgniter\Session\Handlers\FileHandler' driver.
INFO - 2025-05-05 05:44:55 --> Session: Class initialized using 'CodeIgniter\Session\Handlers\FileHandler' driver.
CRITICAL - 2025-05-05 05:44:56 --> CodeIgniter\HTTP\Exceptions\BadRequestException: The URI you submitted has disallowed characters: "{{ public"
in SYSTEMPATH\Router\Router.php on line 704.
 1 SYSTEMPATH\Router\Router.php(195): CodeIgniter\Router\Router->checkDisallowedChars('{{ public/images/login.php}}')
 2 SYSTEMPATH\CodeIgniter.php(825): CodeIgniter\Router\Router->handle('{{ public/images/login.php}}')
 3 SYSTEMPATH\CodeIgniter.php(450): CodeIgniter\CodeIgniter->tryToRouteIt(Object(CodeIgniter\Router\RouteCollection))
 4 SYSTEMPATH\CodeIgniter.php(361): CodeIgniter\CodeIgniter->handleRequest(null, Object(Config\Cache), false)
 5 FCPATH\index.php(79): CodeIgniter\CodeIgniter->run()
 6 SYSTEMPATH\Commands\Server\rewrite.php(47): require_once('C:\\xampp\\htdocs\\uas\\public\\index.php')
INFO - 2025-05-05 05:45:10 --> Session: Class initialized using 'CodeIgniter\Session\Handlers\FileHandler' driver.
CRITICAL - 2025-05-05 05:45:12 --> CodeIgniter\HTTP\Exceptions\BadRequestException: The URI you submitted has disallowed characters: "{{ public"
in SYSTEMPATH\Router\Router.php on line 704.
 1 SYSTEMPATH\Router\Router.php(195): CodeIgniter\Router\Router->checkDisallowedChars('{{ public/images/login.php}}')
 2 SYSTEMPATH\CodeIgniter.php(825): CodeIgniter\Router\Router->handle('{{ public/images/login.php}}')
 3 SYSTEMPATH\CodeIgniter.php(450): CodeIgniter\CodeIgniter->tryToRouteIt(Object(CodeIgniter\Router\RouteCollection))
 4 SYSTEMPATH\CodeIgniter.php(361): CodeIgniter\CodeIgniter->handleRequest(null, Object(Config\Cache), false)
 5 FCPATH\index.php(79): CodeIgniter\CodeIgniter->run()
 6 SYSTEMPATH\Commands\Server\rewrite.php(47): require_once('C:\\xampp\\htdocs\\uas\\public\\index.php')
INFO - 2025-05-05 05:45:22 --> Session: Class initialized using 'CodeIgniter\Session\Handlers\FileHandler' driver.
INFO - 2025-05-05 05:45:49 --> Session: Class initialized using 'CodeIgniter\Session\Handlers\FileHandler' driver.
INFO - 2025-05-05 05:45:49 --> Session: Class initialized using 'CodeIgniter\Session\Handlers\FileHandler' driver.
CRITICAL - 2025-05-05 05:45:50 --> CodeIgniter\HTTP\Exceptions\BadRequestException: The URI you submitted has disallowed characters: "{{ public"
in SYSTEMPATH\Router\Router.php on line 704.
 1 SYSTEMPATH\Router\Router.php(195): CodeIgniter\Router\Router->checkDisallowedChars('{{ public/images/login.php}}')
 2 SYSTEMPATH\CodeIgniter.php(825): CodeIgniter\Router\Router->handle('{{ public/images/login.php}}')
 3 SYSTEMPATH\CodeIgniter.php(450): CodeIgniter\CodeIgniter->tryToRouteIt(Object(CodeIgniter\Router\RouteCollection))
 4 SYSTEMPATH\CodeIgniter.php(361): CodeIgniter\CodeIgniter->handleRequest(null, Object(Config\Cache), false)
 5 FCPATH\index.php(79): CodeIgniter\CodeIgniter->run()
 6 SYSTEMPATH\Commands\Server\rewrite.php(47): require_once('C:\\xampp\\htdocs\\uas\\public\\index.php')
INFO - 2025-05-05 05:46:00 --> Session: Class initialized using 'CodeIgniter\Session\Handlers\FileHandler' driver.
INFO - 2025-05-05 05:46:00 --> Session: Class initialized using 'CodeIgniter\Session\Handlers\FileHandler' driver.
INFO - 2025-05-05 05:49:34 --> Session: Class initialized using 'CodeIgniter\Session\Handlers\FileHandler' driver.
CRITICAL - 2025-05-05 05:49:35 --> CodeIgniter\HTTP\Exceptions\BadRequestException: The URI you submitted has disallowed characters: "{{ public"
in SYSTEMPATH\Router\Router.php on line 704.
 1 SYSTEMPATH\Router\Router.php(195): CodeIgniter\Router\Router->checkDisallowedChars('{{ public/images/login.php}}')
 2 SYSTEMPATH\CodeIgniter.php(825): CodeIgniter\Router\Router->handle('{{ public/images/login.php}}')
 3 SYSTEMPATH\CodeIgniter.php(450): CodeIgniter\CodeIgniter->tryToRouteIt(Object(CodeIgniter\Router\RouteCollection))
 4 SYSTEMPATH\CodeIgniter.php(361): CodeIgniter\CodeIgniter->handleRequest(null, Object(Config\Cache), false)
 5 FCPATH\index.php(79): CodeIgniter\CodeIgniter->run()
 6 SYSTEMPATH\Commands\Server\rewrite.php(47): require_once('C:\\xampp\\htdocs\\uas\\public\\index.php')
INFO - 2025-05-05 05:49:42 --> Session: Class initialized using 'CodeIgniter\Session\Handlers\FileHandler' driver.
INFO - 2025-05-05 05:49:43 --> Session: Class initialized using 'CodeIgniter\Session\Handlers\FileHandler' driver.
INFO - 2025-05-05 05:49:53 --> Session: Class initialized using 'CodeIgniter\Session\Handlers\FileHandler' driver.
INFO - 2025-05-05 05:49:54 --> Session: Class initialized using 'CodeIgniter\Session\Handlers\FileHandler' driver.
CRITICAL - 2025-05-05 05:49:54 --> CodeIgniter\HTTP\Exceptions\BadRequestException: The URI you submitted has disallowed characters: "{{ public"
in SYSTEMPATH\Router\Router.php on line 704.
 1 SYSTEMPATH\Router\Router.php(195): CodeIgniter\Router\Router->checkDisallowedChars('{{ public/images/login.php}}')
 2 SYSTEMPATH\CodeIgniter.php(825): CodeIgniter\Router\Router->handle('{{ public/images/login.php}}')
 3 SYSTEMPATH\CodeIgniter.php(450): CodeIgniter\CodeIgniter->tryToRouteIt(Object(CodeIgniter\Router\RouteCollection))
 4 SYSTEMPATH\CodeIgniter.php(361): CodeIgniter\CodeIgniter->handleRequest(null, Object(Config\Cache), false)
 5 FCPATH\index.php(79): CodeIgniter\CodeIgniter->run()
 6 SYSTEMPATH\Commands\Server\rewrite.php(47): require_once('C:\\xampp\\htdocs\\uas\\public\\index.php')
INFO - 2025-05-05 05:50:04 --> Session: Class initialized using 'CodeIgniter\Session\Handlers\FileHandler' driver.
INFO - 2025-05-05 05:50:04 --> Session: Class initialized using 'CodeIgniter\Session\Handlers\FileHandler' driver.
INFO - 2025-05-05 05:50:20 --> Session: Class initialized using 'CodeIgniter\Session\Handlers\FileHandler' driver.
CRITICAL - 2025-05-05 05:50:20 --> CodeIgniter\HTTP\Exceptions\BadRequestException: The URI you submitted has disallowed characters: "{{ public"
in SYSTEMPATH\Router\Router.php on line 704.
 1 SYSTEMPATH\Router\Router.php(195): CodeIgniter\Router\Router->checkDisallowedChars('{{ public/images/login.php}}')
 2 SYSTEMPATH\CodeIgniter.php(825): CodeIgniter\Router\Router->handle('{{ public/images/login.php}}')
 3 SYSTEMPATH\CodeIgniter.php(450): CodeIgniter\CodeIgniter->tryToRouteIt(Object(CodeIgniter\Router\RouteCollection))
 4 SYSTEMPATH\CodeIgniter.php(361): CodeIgniter\CodeIgniter->handleRequest(null, Object(Config\Cache), false)
 5 FCPATH\index.php(79): CodeIgniter\CodeIgniter->run()
 6 SYSTEMPATH\Commands\Server\rewrite.php(47): require_once('C:\\xampp\\htdocs\\uas\\public\\index.php')
INFO - 2025-05-05 05:51:00 --> Session: Class initialized using 'CodeIgniter\Session\Handlers\FileHandler' driver.
CRITICAL - 2025-05-05 05:51:01 --> CodeIgniter\HTTP\Exceptions\BadRequestException: The URI you submitted has disallowed characters: "{{ public"
in SYSTEMPATH\Router\Router.php on line 704.
 1 SYSTEMPATH\Router\Router.php(195): CodeIgniter\Router\Router->checkDisallowedChars('{{ public/images/login.jpg}}')
 2 SYSTEMPATH\CodeIgniter.php(825): CodeIgniter\Router\Router->handle('{{ public/images/login.jpg}}')
 3 SYSTEMPATH\CodeIgniter.php(450): CodeIgniter\CodeIgniter->tryToRouteIt(Object(CodeIgniter\Router\RouteCollection))
 4 SYSTEMPATH\CodeIgniter.php(361): CodeIgniter\CodeIgniter->handleRequest(null, Object(Config\Cache), false)
 5 FCPATH\index.php(79): CodeIgniter\CodeIgniter->run()
 6 SYSTEMPATH\Commands\Server\rewrite.php(47): require_once('C:\\xampp\\htdocs\\uas\\public\\index.php')
INFO - 2025-05-05 05:51:06 --> Session: Class initialized using 'CodeIgniter\Session\Handlers\FileHandler' driver.
CRITICAL - 2025-05-05 05:51:07 --> CodeIgniter\HTTP\Exceptions\BadRequestException: The URI you submitted has disallowed characters: "{{ public"
in SYSTEMPATH\Router\Router.php on line 704.
 1 SYSTEMPATH\Router\Router.php(195): CodeIgniter\Router\Router->checkDisallowedChars('{{ public/images/login.jpg}}')
 2 SYSTEMPATH\CodeIgniter.php(825): CodeIgniter\Router\Router->handle('{{ public/images/login.jpg}}')
 3 SYSTEMPATH\CodeIgniter.php(450): CodeIgniter\CodeIgniter->tryToRouteIt(Object(CodeIgniter\Router\RouteCollection))
 4 SYSTEMPATH\CodeIgniter.php(361): CodeIgniter\CodeIgniter->handleRequest(null, Object(Config\Cache), false)
 5 FCPATH\index.php(79): CodeIgniter\CodeIgniter->run()
 6 SYSTEMPATH\Commands\Server\rewrite.php(47): require_once('C:\\xampp\\htdocs\\uas\\public\\index.php')
INFO - 2025-05-05 05:51:10 --> Session: Class initialized using 'CodeIgniter\Session\Handlers\FileHandler' driver.
INFO - 2025-05-05 05:51:14 --> Session: Class initialized using 'CodeIgniter\Session\Handlers\FileHandler' driver.
CRITICAL - 2025-05-05 05:51:14 --> CodeIgniter\HTTP\Exceptions\BadRequestException: The URI you submitted has disallowed characters: "{{ public"
in SYSTEMPATH\Router\Router.php on line 704.
 1 SYSTEMPATH\Router\Router.php(195): CodeIgniter\Router\Router->checkDisallowedChars('{{ public/images/login.jpg}}')
 2 SYSTEMPATH\CodeIgniter.php(825): CodeIgniter\Router\Router->handle('{{ public/images/login.jpg}}')
 3 SYSTEMPATH\CodeIgniter.php(450): CodeIgniter\CodeIgniter->tryToRouteIt(Object(CodeIgniter\Router\RouteCollection))
 4 SYSTEMPATH\CodeIgniter.php(361): CodeIgniter\CodeIgniter->handleRequest(null, Object(Config\Cache), false)
 5 FCPATH\index.php(79): CodeIgniter\CodeIgniter->run()
 6 SYSTEMPATH\Commands\Server\rewrite.php(47): require_once('C:\\xampp\\htdocs\\uas\\public\\index.php')
INFO - 2025-05-05 05:51:16 --> Session: Class initialized using 'CodeIgniter\Session\Handlers\FileHandler' driver.
CRITICAL - 2025-05-05 05:51:16 --> CodeIgniter\HTTP\Exceptions\BadRequestException: The URI you submitted has disallowed characters: "{{ public"
in SYSTEMPATH\Router\Router.php on line 704.
 1 SYSTEMPATH\Router\Router.php(195): CodeIgniter\Router\Router->checkDisallowedChars('{{ public/images/login.jpg}}')
 2 SYSTEMPATH\CodeIgniter.php(825): CodeIgniter\Router\Router->handle('{{ public/images/login.jpg}}')
 3 SYSTEMPATH\CodeIgniter.php(450): CodeIgniter\CodeIgniter->tryToRouteIt(Object(CodeIgniter\Router\RouteCollection))
 4 SYSTEMPATH\CodeIgniter.php(361): CodeIgniter\CodeIgniter->handleRequest(null, Object(Config\Cache), false)
 5 FCPATH\index.php(79): CodeIgniter\CodeIgniter->run()
 6 SYSTEMPATH\Commands\Server\rewrite.php(47): require_once('C:\\xampp\\htdocs\\uas\\public\\index.php')
INFO - 2025-05-05 05:52:05 --> Session: Class initialized using 'CodeIgniter\Session\Handlers\FileHandler' driver.
INFO - 2025-05-05 05:52:06 --> Session: Class initialized using 'CodeIgniter\Session\Handlers\FileHandler' driver.
